<?xml version="1.0" encoding="UTF-8"?>
<!-- Generated by org.testng.reporters.JUnitReportReporter -->
<testsuite skipped="0" hostname="CO-IT02285" name="com.globant.training.app.AppTest" tests="1" failures="0" timestamp="08 jul 2019 18:26:07 GMT" time="0.010" errors="0">
  <testcase name="additionTest" time="0.010" classname="com.globant.training.app.AppTest"/>
</testsuite> <!-- com.globant.training.app.AppTest -->
