<?xml version="1.0" encoding="UTF-8"?>
<!-- Generated by org.testng.reporters.JUnitReportReporter -->
<testsuite skipped="0" hostname="CO-IT02285" name="com.globant.training.app.AppTest" tests="1" failures="0" timestamp="22 jul 2019 19:41:16 GMT" time="0.018" errors="0">
  <testcase name="additionTest" time="0.018" classname="com.globant.training.app.AppTest"/>
</testsuite> <!-- com.globant.training.app.AppTest -->
